<?xml version="1.0"?>
<testsuites>
  <testsuite name="PhantomJS 1.9.7 (Mac OS X)" package="" timestamp="2014-12-16T00:54:26" id="0" hostname="server.local" tests="1" errors="0" failures="0" time="0">
    <properties>
      <property name="browser.fullName" value="Mozilla/5.0 (Macintosh; Intel Mac OS X) AppleWebKit/534.34 (KHTML, like Gecko) PhantomJS/1.9.7 Safari/534.34"/>
    </properties>
    <testcase name="should..." time="0" classname="PhantomJS 1.9.7 (Mac OS X).header"/>
    <system-out><![CDATA[PhantomJS 1.9.7 (Mac OS X) LOG: 'Loader.calcTotalAcount'
,PhantomJS 1.9.7 (Mac OS X) LOG: 'Loader.start'
,PhantomJS 1.9.7 (Mac OS X) LOG: 'Loader.requestFile'
,PhantomJS 1.9.7 (Mac OS X) LOG: 'Loader.requestFile'
,PhantomJS 1.9.7 (Mac OS X) LOG: 'Loader.requestFile'
,PhantomJS 1.9.7 (Mac OS X) LOG: 'Loader.requestFile'
,PhantomJS 1.9.7 (Mac OS X) LOG: 'Loader.requestFile'
,PhantomJS 1.9.7 (Mac OS X) LOG: 'Loader.requestFile'
,PhantomJS 1.9.7 (Mac OS X) LOG: 'Loader.requestFile'
,PhantomJS 1.9.7 (Mac OS X) LOG: 'Loader.requestFile'
,PhantomJS 1.9.7 (Mac OS X) LOG: 'Loader.requestFile'
,PhantomJS 1.9.7 (Mac OS X) LOG: 'Loader.requestFile'
,PhantomJS 1.9.7 (Mac OS X) LOG: 'Loader.requestFile'
,PhantomJS 1.9.7 (Mac OS X) LOG: 'Loader.requestFile'
,PhantomJS 1.9.7 (Mac OS X) LOG: 'Loader.requestFile'
,PhantomJS 1.9.7 (Mac OS X) LOG: 'Loader.requestFile'
,PhantomJS 1.9.7 (Mac OS X) LOG: 'Loader.handleLoad', {position: 0, totalSize: 0, lengthComputable: false, loaded: 0, total: 0, returnValue: true, timeStamp: 1418691266507, eventPhase: 2, target: {readyState: 4, response: 'NOT FOUND', responseXML: null, onload: function () { ... }, onerror: null, onloadstart: null, status: 404, onabort: null, upload: {onabort: ..., onload: ..., onprogress: ..., onerror: ..., onloadstart: ...}, onreadystatechange: null, responseType: '', onprogress: null, withCredentials: false, responseText: 'NOT FOUND', statusText: 'Not Found'}, defaultPrevented: false, srcElement: {readyState: 4, response: 'NOT FOUND', responseXML: null, onload: function () { ... }, onerror: null, onloadstart: null, status: 404, onabort: null, upload: {onabort: ..., onload: ..., onprogress: ..., onerror: ..., onloadstart: ...}, onreadystatechange: null, responseType: '', onprogress: null, withCredentials: false, responseText: 'NOT FOUND', statusText: 'Not Found'}, type: 'load', clipboardData: undefined, cancelable: true, currentTarget: {readyState: 4, response: 'NOT FOUND', responseXML: null, onload: function () { ... }, onerror: null, onloadstart: null, status: 404, onabort: null, upload: {onabort: ..., onload: ..., onprogress: ..., onerror: ..., onloadstart: ...}, onreadystatechange: null, responseType: '', onprogress: null, withCredentials: false, responseText: 'NOT FOUND', statusText: 'Not Found'}, bubbles: false, cancelBubble: false}
,PhantomJS 1.9.7 (Mac OS X) LOG: 'Loader.increment'
,PhantomJS 1.9.7 (Mac OS X) LOG: 'Loader.triggerEvent', 'LoadIncrement', Object{percentComplete: 7.142857142857142, id: 5949398}
,PhantomJS 1.9.7 (Mac OS X) LOG: 'Loader.handleLoad', {position: 0, totalSize: 0, lengthComputable: false, loaded: 0, total: 0, returnValue: true, timeStamp: 1418691266507, eventPhase: 2, target: {readyState: 4, response: 'NOT FOUND', responseXML: null, onload: function () { ... }, onerror: null, onloadstart: null, status: 404, onabort: null, upload: {onabort: ..., onload: ..., onprogress: ..., onerror: ..., onloadstart: ...}, onreadystatechange: null, responseType: '', onprogress: null, withCredentials: false, responseText: 'NOT FOUND', statusText: 'Not Found'}, defaultPrevented: false, srcElement: {readyState: 4, response: 'NOT FOUND', responseXML: null, onload: function () { ... }, onerror: null, onloadstart: null, status: 404, onabort: null, upload: {onabort: ..., onload: ..., onprogress: ..., onerror: ..., onloadstart: ...}, onreadystatechange: null, responseType: '', onprogress: null, withCredentials: false, responseText: 'NOT FOUND', statusText: 'Not Found'}, type: 'load', clipboardData: undefined, cancelable: true, currentTarget: {readyState: 4, response: 'NOT FOUND', responseXML: null, onload: function () { ... }, onerror: null, onloadstart: null, status: 404, onabort: null, upload: {onabort: ..., onload: ..., onprogress: ..., onerror: ..., onloadstart: ...}, onreadystatechange: null, responseType: '', onprogress: null, withCredentials: false, responseText: 'NOT FOUND', statusText: 'Not Found'}, bubbles: false, cancelBubble: false}
,PhantomJS 1.9.7 (Mac OS X) LOG: 'Loader.increment'
,PhantomJS 1.9.7 (Mac OS X) LOG: 'Loader.triggerEvent', 'LoadIncrement', Object{percentComplete: 14.285714285714285, id: 5949398}
,PhantomJS 1.9.7 (Mac OS X) LOG: 'Loader.handleLoad', {position: 0, totalSize: 0, lengthComputable: false, loaded: 0, total: 0, returnValue: true, timeStamp: 1418691266508, eventPhase: 2, target: {readyState: 4, response: 'NOT FOUND', responseXML: null, onload: function () { ... }, onerror: null, onloadstart: null, status: 404, onabort: null, upload: {onabort: ..., onload: ..., onprogress: ..., onerror: ..., onloadstart: ...}, onreadystatechange: null, responseType: '', onprogress: null, withCredentials: false, responseText: 'NOT FOUND', statusText: 'Not Found'}, defaultPrevented: false, srcElement: {readyState: 4, response: 'NOT FOUND', responseXML: null, onload: function () { ... }, onerror: null, onloadstart: null, status: 404, onabort: null, upload: {onabort: ..., onload: ..., onprogress: ..., onerror: ..., onloadstart: ...}, onreadystatechange: null, responseType: '', onprogress: null, withCredentials: false, responseText: 'NOT FOUND', statusText: 'Not Found'}, type: 'load', clipboardData: undefined, cancelable: true, currentTarget: {readyState: 4, response: 'NOT FOUND', responseXML: null, onload: function () { ... }, onerror: null, onloadstart: null, status: 404, onabort: null, upload: {onabort: ..., onload: ..., onprogress: ..., onerror: ..., onloadstart: ...}, onreadystatechange: null, responseType: '', onprogress: null, withCredentials: false, responseText: 'NOT FOUND', statusText: 'Not Found'}, bubbles: false, cancelBubble: false}
,PhantomJS 1.9.7 (Mac OS X) LOG: 'Loader.increment'
,PhantomJS 1.9.7 (Mac OS X) LOG: 'Loader.triggerEvent', 'LoadIncrement', Object{percentComplete: 21.428571428571427, id: 5949398}
,PhantomJS 1.9.7 (Mac OS X) LOG: 'Loader.handleLoad', {position: 0, totalSize: 0, lengthComputable: false, loaded: 0, total: 0, returnValue: true, timeStamp: 1418691266508, eventPhase: 2, target: {readyState: 4, response: 'NOT FOUND', responseXML: null, onload: function () { ... }, onerror: null, onloadstart: null, status: 404, onabort: null, upload: {onabort: ..., onload: ..., onprogress: ..., onerror: ..., onloadstart: ...}, onreadystatechange: null, responseType: '', onprogress: null, withCredentials: false, responseText: 'NOT FOUND', statusText: 'Not Found'}, defaultPrevented: false, srcElement: {readyState: 4, response: 'NOT FOUND', responseXML: null, onload: function () { ... }, onerror: null, onloadstart: null, status: 404, onabort: null, upload: {onabort: ..., onload: ..., onprogress: ..., onerror: ..., onloadstart: ...}, onreadystatechange: null, responseType: '', onprogress: null, withCredentials: false, responseText: 'NOT FOUND', statusText: 'Not Found'}, type: 'load', clipboardData: undefined, cancelable: true, currentTarget: {readyState: 4, response: 'NOT FOUND', responseXML: null, onload: function () { ... }, onerror: null, onloadstart: null, status: 404, onabort: null, upload: {onabort: ..., onload: ..., onprogress: ..., onerror: ..., onloadstart: ...}, onreadystatechange: null, responseType: '', onprogress: null, withCredentials: false, responseText: 'NOT FOUND', statusText: 'Not Found'}, bubbles: false, cancelBubble: false}
,PhantomJS 1.9.7 (Mac OS X) LOG: 'Loader.increment'
,PhantomJS 1.9.7 (Mac OS X) LOG: 'Loader.triggerEvent', 'LoadIncrement', Object{percentComplete: 28.57142857142857, id: 5949398}
,PhantomJS 1.9.7 (Mac OS X) LOG: 'Loader.handleLoad', {position: 0, totalSize: 0, lengthComputable: false, loaded: 0, total: 0, returnValue: true, timeStamp: 1418691266509, eventPhase: 2, target: {readyState: 4, response: 'NOT FOUND', responseXML: null, onload: function () { ... }, onerror: null, onloadstart: null, status: 404, onabort: null, upload: {onabort: ..., onload: ..., onprogress: ..., onerror: ..., onloadstart: ...}, onreadystatechange: null, responseType: '', onprogress: null, withCredentials: false, responseText: 'NOT FOUND', statusText: 'Not Found'}, defaultPrevented: false, srcElement: {readyState: 4, response: 'NOT FOUND', responseXML: null, onload: function () { ... }, onerror: null, onloadstart: null, status: 404, onabort: null, upload: {onabort: ..., onload: ..., onprogress: ..., onerror: ..., onloadstart: ...}, onreadystatechange: null, responseType: '', onprogress: null, withCredentials: false, responseText: 'NOT FOUND', statusText: 'Not Found'}, type: 'load', clipboardData: undefined, cancelable: true, currentTarget: {readyState: 4, response: 'NOT FOUND', responseXML: null, onload: function () { ... }, onerror: null, onloadstart: null, status: 404, onabort: null, upload: {onabort: ..., onload: ..., onprogress: ..., onerror: ..., onloadstart: ...}, onreadystatechange: null, responseType: '', onprogress: null, withCredentials: false, responseText: 'NOT FOUND', statusText: 'Not Found'}, bubbles: false, cancelBubble: false}
,PhantomJS 1.9.7 (Mac OS X) LOG: 'Loader.increment'
,PhantomJS 1.9.7 (Mac OS X) LOG: 'Loader.triggerEvent', 'LoadIncrement', Object{percentComplete: 35.714285714285715, id: 5949398}
,PhantomJS 1.9.7 (Mac OS X) LOG: 'Loader.handleLoad', {position: 0, totalSize: 0, lengthComputable: false, loaded: 0, total: 0, returnValue: true, timeStamp: 1418691266509, eventPhase: 2, target: {readyState: 4, response: 'NOT FOUND', responseXML: null, onload: function () { ... }, onerror: null, onloadstart: null, status: 404, onabort: null, upload: {onabort: ..., onload: ..., onprogress: ..., onerror: ..., onloadstart: ...}, onreadystatechange: null, responseType: '', onprogress: null, withCredentials: false, responseText: 'NOT FOUND', statusText: 'Not Found'}, defaultPrevented: false, srcElement: {readyState: 4, response: 'NOT FOUND', responseXML: null, onload: function () { ... }, onerror: null, onloadstart: null, status: 404, onabort: null, upload: {onabort: ..., onload: ..., onprogress: ..., onerror: ..., onloadstart: ...}, onreadystatechange: null, responseType: '', onprogress: null, withCredentials: false, responseText: 'NOT FOUND', statusText: 'Not Found'}, type: 'load', clipboardData: undefined, cancelable: true, currentTarget: {readyState: 4, response: 'NOT FOUND', responseXML: null, onload: function () { ... }, onerror: null, onloadstart: null, status: 404, onabort: null, upload: {onabort: ..., onload: ..., onprogress: ..., onerror: ..., onloadstart: ...}, onreadystatechange: null, responseType: '', onprogress: null, withCredentials: false, responseText: 'NOT FOUND', statusText: 'Not Found'}, bubbles: false, cancelBubble: false}
,PhantomJS 1.9.7 (Mac OS X) LOG: 'Loader.increment'
,PhantomJS 1.9.7 (Mac OS X) LOG: 'Loader.triggerEvent', 'LoadIncrement', Object{percentComplete: 42.857142857142854, id: 5949398}
,PhantomJS 1.9.7 (Mac OS X) LOG: 'Loader.handleLoad', {position: 0, totalSize: 0, lengthComputable: false, loaded: 0, total: 0, returnValue: true, timeStamp: 1418691266510, eventPhase: 2, target: {readyState: 4, response: 'NOT FOUND', responseXML: null, onload: function () { ... }, onerror: null, onloadstart: null, status: 404, onabort: null, upload: {onabort: ..., onload: ..., onprogress: ..., onerror: ..., onloadstart: ...}, onreadystatechange: null, responseType: '', onprogress: null, withCredentials: false, responseText: 'NOT FOUND', statusText: 'Not Found'}, defaultPrevented: false, srcElement: {readyState: 4, response: 'NOT FOUND', responseXML: null, onload: function () { ... }, onerror: null, onloadstart: null, status: 404, onabort: null, upload: {onabort: ..., onload: ..., onprogress: ..., onerror: ..., onloadstart: ...}, onreadystatechange: null, responseType: '', onprogress: null, withCredentials: false, responseText: 'NOT FOUND', statusText: 'Not Found'}, type: 'load', clipboardData: undefined, cancelable: true, currentTarget: {readyState: 4, response: 'NOT FOUND', responseXML: null, onload: function () { ... }, onerror: null, onloadstart: null, status: 404, onabort: null, upload: {onabort: ..., onload: ..., onprogress: ..., onerror: ..., onloadstart: ...}, onreadystatechange: null, responseType: '', onprogress: null, withCredentials: false, responseText: 'NOT FOUND', statusText: 'Not Found'}, bubbles: false, cancelBubble: false}
,PhantomJS 1.9.7 (Mac OS X) LOG: 'Loader.increment'
,PhantomJS 1.9.7 (Mac OS X) LOG: 'Loader.triggerEvent', 'LoadIncrement', Object{percentComplete: 50, id: 5949398}
,PhantomJS 1.9.7 (Mac OS X) LOG: 'Loader.handleLoad', {position: 0, totalSize: 0, lengthComputable: false, loaded: 0, total: 0, returnValue: true, timeStamp: 1418691266510, eventPhase: 2, target: {readyState: 4, response: 'NOT FOUND', responseXML: null, onload: function () { ... }, onerror: null, onloadstart: null, status: 404, onabort: null, upload: {onabort: ..., onload: ..., onprogress: ..., onerror: ..., onloadstart: ...}, onreadystatechange: null, responseType: '', onprogress: null, withCredentials: false, responseText: 'NOT FOUND', statusText: 'Not Found'}, defaultPrevented: false, srcElement: {readyState: 4, response: 'NOT FOUND', responseXML: null, onload: function () { ... }, onerror: null, onloadstart: null, status: 404, onabort: null, upload: {onabort: ..., onload: ..., onprogress: ..., onerror: ..., onloadstart: ...}, onreadystatechange: null, responseType: '', onprogress: null, withCredentials: false, responseText: 'NOT FOUND', statusText: 'Not Found'}, type: 'load', clipboardData: undefined, cancelable: true, currentTarget: {readyState: 4, response: 'NOT FOUND', responseXML: null, onload: function () { ... }, onerror: null, onloadstart: null, status: 404, onabort: null, upload: {onabort: ..., onload: ..., onprogress: ..., onerror: ..., onloadstart: ...}, onreadystatechange: null, responseType: '', onprogress: null, withCredentials: false, responseText: 'NOT FOUND', statusText: 'Not Found'}, bubbles: false, cancelBubble: false}
,PhantomJS 1.9.7 (Mac OS X) LOG: 'Loader.increment'
,PhantomJS 1.9.7 (Mac OS X) LOG: 'Loader.triggerEvent', 'LoadIncrement', Object{percentComplete: 57.14285714285714, id: 5949398}
,PhantomJS 1.9.7 (Mac OS X) LOG: 'Loader.handleLoad', {position: 0, totalSize: 0, lengthComputable: false, loaded: 0, total: 0, returnValue: true, timeStamp: 1418691266510, eventPhase: 2, target: {readyState: 4, response: 'NOT FOUND', responseXML: null, onload: function () { ... }, onerror: null, onloadstart: null, status: 404, onabort: null, upload: {onabort: ..., onload: ..., onprogress: ..., onerror: ..., onloadstart: ...}, onreadystatechange: null, responseType: '', onprogress: null, withCredentials: false, responseText: 'NOT FOUND', statusText: 'Not Found'}, defaultPrevented: false, srcElement: {readyState: 4, response: 'NOT FOUND', responseXML: null, onload: function () { ... }, onerror: null, onloadstart: null, status: 404, onabort: null, upload: {onabort: ..., onload: ..., onprogress: ..., onerror: ..., onloadstart: ...}, onreadystatechange: null, responseType: '', onprogress: null, withCredentials: false, responseText: 'NOT FOUND', statusText: 'Not Found'}, type: 'load', clipboardData: undefined, cancelable: true, currentTarget: {readyState: 4, response: 'NOT FOUND', responseXML: null, onload: function () { ... }, onerror: null, onloadstart: null, status: 404, onabort: null, upload: {onabort: ..., onload: ..., onprogress: ..., onerror: ..., onloadstart: ...}, onreadystatechange: null, responseType: '', onprogress: null, withCredentials: false, responseText: 'NOT FOUND', statusText: 'Not Found'}, bubbles: false, cancelBubble: false}
,PhantomJS 1.9.7 (Mac OS X) LOG: 'Loader.increment'
,PhantomJS 1.9.7 (Mac OS X) LOG: 'Loader.triggerEvent', 'LoadIncrement', Object{percentComplete: 64.28571428571429, id: 5949398}
,PhantomJS 1.9.7 (Mac OS X) LOG: 'Loader.handleLoad', {position: 0, totalSize: 0, lengthComputable: false, loaded: 0, total: 0, returnValue: true, timeStamp: 1418691266511, eventPhase: 2, target: {readyState: 4, response: 'NOT FOUND', responseXML: null, onload: function () { ... }, onerror: null, onloadstart: null, status: 404, onabort: null, upload: {onabort: ..., onload: ..., onprogress: ..., onerror: ..., onloadstart: ...}, onreadystatechange: null, responseType: '', onprogress: null, withCredentials: false, responseText: 'NOT FOUND', statusText: 'Not Found'}, defaultPrevented: false, srcElement: {readyState: 4, response: 'NOT FOUND', responseXML: null, onload: function () { ... }, onerror: null, onloadstart: null, status: 404, onabort: null, upload: {onabort: ..., onload: ..., onprogress: ..., onerror: ..., onloadstart: ...}, onreadystatechange: null, responseType: '', onprogress: null, withCredentials: false, responseText: 'NOT FOUND', statusText: 'Not Found'}, type: 'load', clipboardData: undefined, cancelable: true, currentTarget: {readyState: 4, response: 'NOT FOUND', responseXML: null, onload: function () { ... }, onerror: null, onloadstart: null, status: 404, onabort: null, upload: {onabort: ..., onload: ..., onprogress: ..., onerror: ..., onloadstart: ...}, onreadystatechange: null, responseType: '', onprogress: null, withCredentials: false, responseText: 'NOT FOUND', statusText: 'Not Found'}, bubbles: false, cancelBubble: false}
,PhantomJS 1.9.7 (Mac OS X) LOG: 'Loader.increment'
,PhantomJS 1.9.7 (Mac OS X) LOG: 'Loader.triggerEvent', 'LoadIncrement', Object{percentComplete: 71.42857142857143, id: 5949398}
,PhantomJS 1.9.7 (Mac OS X) LOG: 'Loader.handleLoad', {position: 0, totalSize: 0, lengthComputable: false, loaded: 0, total: 0, returnValue: true, timeStamp: 1418691266511, eventPhase: 2, target: {readyState: 4, response: 'NOT FOUND', responseXML: null, onload: function () { ... }, onerror: null, onloadstart: null, status: 404, onabort: null, upload: {onabort: ..., onload: ..., onprogress: ..., onerror: ..., onloadstart: ...}, onreadystatechange: null, responseType: '', onprogress: null, withCredentials: false, responseText: 'NOT FOUND', statusText: 'Not Found'}, defaultPrevented: false, srcElement: {readyState: 4, response: 'NOT FOUND', responseXML: null, onload: function () { ... }, onerror: null, onloadstart: null, status: 404, onabort: null, upload: {onabort: ..., onload: ..., onprogress: ..., onerror: ..., onloadstart: ...}, onreadystatechange: null, responseType: '', onprogress: null, withCredentials: false, responseText: 'NOT FOUND', statusText: 'Not Found'}, type: 'load', clipboardData: undefined, cancelable: true, currentTarget: {readyState: 4, response: 'NOT FOUND', responseXML: null, onload: function () { ... }, onerror: null, onloadstart: null, status: 404, onabort: null, upload: {onabort: ..., onload: ..., onprogress: ..., onerror: ..., onloadstart: ...}, onreadystatechange: null, responseType: '', onprogress: null, withCredentials: false, responseText: 'NOT FOUND', statusText: 'Not Found'}, bubbles: false, cancelBubble: false}
,PhantomJS 1.9.7 (Mac OS X) LOG: 'Loader.increment'
,PhantomJS 1.9.7 (Mac OS X) LOG: 'Loader.triggerEvent', 'LoadIncrement', Object{percentComplete: 78.57142857142857, id: 5949398}
,PhantomJS 1.9.7 (Mac OS X) LOG: 'Loader.handleLoad', {position: 0, totalSize: 0, lengthComputable: false, loaded: 0, total: 0, returnValue: true, timeStamp: 1418691266512, eventPhase: 2, target: {readyState: 4, response: 'NOT FOUND', responseXML: null, onload: function () { ... }, onerror: null, onloadstart: null, status: 404, onabort: null, upload: {onabort: ..., onload: ..., onprogress: ..., onerror: ..., onloadstart: ...}, onreadystatechange: null, responseType: '', onprogress: null, withCredentials: false, responseText: 'NOT FOUND', statusText: 'Not Found'}, defaultPrevented: false, srcElement: {readyState: 4, response: 'NOT FOUND', responseXML: null, onload: function () { ... }, onerror: null, onloadstart: null, status: 404, onabort: null, upload: {onabort: ..., onload: ..., onprogress: ..., onerror: ..., onloadstart: ...}, onreadystatechange: null, responseType: '', onprogress: null, withCredentials: false, responseText: 'NOT FOUND', statusText: 'Not Found'}, type: 'load', clipboardData: undefined, cancelable: true, currentTarget: {readyState: 4, response: 'NOT FOUND', responseXML: null, onload: function () { ... }, onerror: null, onloadstart: null, status: 404, onabort: null, upload: {onabort: ..., onload: ..., onprogress: ..., onerror: ..., onloadstart: ...}, onreadystatechange: null, responseType: '', onprogress: null, withCredentials: false, responseText: 'NOT FOUND', statusText: 'Not Found'}, bubbles: false, cancelBubble: false}
,PhantomJS 1.9.7 (Mac OS X) LOG: 'Loader.increment'
,PhantomJS 1.9.7 (Mac OS X) LOG: 'Loader.triggerEvent', 'LoadIncrement', Object{percentComplete: 85.71428571428571, id: 5949398}
,PhantomJS 1.9.7 (Mac OS X) LOG: 'Loader.handleLoad', {position: 0, totalSize: 0, lengthComputable: false, loaded: 0, total: 0, returnValue: true, timeStamp: 1418691266512, eventPhase: 2, target: {readyState: 4, response: 'NOT FOUND', responseXML: null, onload: function () { ... }, onerror: null, onloadstart: null, status: 404, onabort: null, upload: {onabort: ..., onload: ..., onprogress: ..., onerror: ..., onloadstart: ...}, onreadystatechange: null, responseType: '', onprogress: null, withCredentials: false, responseText: 'NOT FOUND', statusText: 'Not Found'}, defaultPrevented: false, srcElement: {readyState: 4, response: 'NOT FOUND', responseXML: null, onload: function () { ... }, onerror: null, onloadstart: null, status: 404, onabort: null, upload: {onabort: ..., onload: ..., onprogress: ..., onerror: ..., onloadstart: ...}, onreadystatechange: null, responseType: '', onprogress: null, withCredentials: false, responseText: 'NOT FOUND', statusText: 'Not Found'}, type: 'load', clipboardData: undefined, cancelable: true, currentTarget: {readyState: 4, response: 'NOT FOUND', responseXML: null, onload: function () { ... }, onerror: null, onloadstart: null, status: 404, onabort: null, upload: {onabort: ..., onload: ..., onprogress: ..., onerror: ..., onloadstart: ...}, onreadystatechange: null, responseType: '', onprogress: null, withCredentials: false, responseText: 'NOT FOUND', statusText: 'Not Found'}, bubbles: false, cancelBubble: false}
,PhantomJS 1.9.7 (Mac OS X) LOG: 'Loader.increment'
,PhantomJS 1.9.7 (Mac OS X) LOG: 'Loader.triggerEvent', 'LoadIncrement', Object{percentComplete: 92.85714285714286, id: 5949398}
,PhantomJS 1.9.7 (Mac OS X) LOG: 'Loader.handleLoad', {position: 0, totalSize: 0, lengthComputable: false, loaded: 0, total: 0, returnValue: true, timeStamp: 1418691266512, eventPhase: 2, target: {readyState: 4, response: 'NOT FOUND', responseXML: null, onload: function () { ... }, onerror: null, onloadstart: null, status: 404, onabort: null, upload: {onabort: ..., onload: ..., onprogress: ..., onerror: ..., onloadstart: ...}, onreadystatechange: null, responseType: '', onprogress: null, withCredentials: false, responseText: 'NOT FOUND', statusText: 'Not Found'}, defaultPrevented: false, srcElement: {readyState: 4, response: 'NOT FOUND', responseXML: null, onload: function () { ... }, onerror: null, onloadstart: null, status: 404, onabort: null, upload: {onabort: ..., onload: ..., onprogress: ..., onerror: ..., onloadstart: ...}, onreadystatechange: null, responseType: '', onprogress: null, withCredentials: false, responseText: 'NOT FOUND', statusText: 'Not Found'}, type: 'load', clipboardData: undefined, cancelable: true, currentTarget: {readyState: 4, response: 'NOT FOUND', responseXML: null, onload: function () { ... }, onerror: null, onloadstart: null, status: 404, onabort: null, upload: {onabort: ..., onload: ..., onprogress: ..., onerror: ..., onloadstart: ...}, onreadystatechange: null, responseType: '', onprogress: null, withCredentials: false, responseText: 'NOT FOUND', statusText: 'Not Found'}, bubbles: false, cancelBubble: false}
,PhantomJS 1.9.7 (Mac OS X) LOG: 'Loader.increment'
,PhantomJS 1.9.7 (Mac OS X) LOG: 'Loader.triggerEvent', 'LoadComplete', Object{percentComplete: 100, id: 5949398}
,PhantomJS 1.9.7 (Mac OS X) LOG: 'new SlidesController'

]]></system-out>
    <system-err/>
  </testsuite>
</testsuites>
