<?xml version="1.0"?>
<testsuites>
  <testsuite name="PhantomJS 1.9.8 (Mac OS X)" package="" timestamp="2015-03-19T16:04:27" id="0" hostname="Theloneous.local" tests="1" errors="0" failures="0" time="0">
    <properties>
      <property name="browser.fullName" value="Mozilla/5.0 (Macintosh; Intel Mac OS X) AppleWebKit/534.34 (KHTML, like Gecko) PhantomJS/1.9.8 Safari/534.34"/>
    </properties>
    <testcase name="should..." time="0" classname="PhantomJS 1.9.8 (Mac OS X).header"/>
    <system-out><![CDATA[PhantomJS 1.9.8 (Mac OS X) LOG: 'Loader.calcTotalAcount'
,PhantomJS 1.9.8 (Mac OS X) LOG: 'Loader.start'
,PhantomJS 1.9.8 (Mac OS X) LOG: 'Loader.requestFile'
,PhantomJS 1.9.8 (Mac OS X) LOG: 'Loader.requestFile'
,PhantomJS 1.9.8 (Mac OS X) LOG: 'Loader.requestFile'
,PhantomJS 1.9.8 (Mac OS X) LOG: 'Loader.requestFile'
,PhantomJS 1.9.8 (Mac OS X) LOG: 'Loader.requestFile'
,PhantomJS 1.9.8 (Mac OS X) LOG: 'Loader.requestFile'
,PhantomJS 1.9.8 (Mac OS X) LOG: 'Loader.requestFile'
,PhantomJS 1.9.8 (Mac OS X) LOG: 'Loader.requestFile'
,PhantomJS 1.9.8 (Mac OS X) LOG: 'Loader.requestFile'
,PhantomJS 1.9.8 (Mac OS X) LOG: 'Loader.requestFile'
,PhantomJS 1.9.8 (Mac OS X) LOG: 'Loader.requestFile'
,PhantomJS 1.9.8 (Mac OS X) LOG: 'Loader.requestFile'
,PhantomJS 1.9.8 (Mac OS X) LOG: 'Loader.requestFile'
,PhantomJS 1.9.8 (Mac OS X) LOG: 'Loader.requestFile'
,PhantomJS 1.9.8 (Mac OS X) LOG: 'Loader.handleLoad', Object{position: 0, totalSize: 0, lengthComputable: false, loaded: 0, total: 0, returnValue: true, timeStamp: 1426781067834, eventPhase: 2, target: Object{readyState: 4, response: 'NOT FOUND', responseXML: null, onload: function () { ... }, onerror: null, onloadstart: null, status: 404, onabort: null, upload: Object{onabort: ..., onload: ..., onprogress: ..., onerror: ..., onloadstart: ...}, onreadystatechange: null, responseType: '', onprogress: null, withCredentials: false, responseText: 'NOT FOUND', statusText: 'Not Found'}, defaultPrevented: false, srcElement: Object{readyState: 4, response: 'NOT FOUND', responseXML: null, onload: function () { ... }, onerror: null, onloadstart: null, status: 404, onabort: null, upload: Object{onabort: ..., onload: ..., onprogress: ..., onerror: ..., onloadstart: ...}, onreadystatechange: null, responseType: '', onprogress: null, withCredentials: false, responseText: 'NOT FOUND', statusText: 'Not Found'}, type: 'load', clipboardData: undefined, cancelable: true, currentTarget: Object{readyState: 4, response: 'NOT FOUND', responseXML: null, onload: function () { ... }, onerror: null, onloadstart: null, status: 404, onabort: null, upload: Object{onabort: ..., onload: ..., onprogress: ..., onerror: ..., onloadstart: ...}, onreadystatechange: null, responseType: '', onprogress: null, withCredentials: false, responseText: 'NOT FOUND', statusText: 'Not Found'}, bubbles: false, cancelBubble: false}
,PhantomJS 1.9.8 (Mac OS X) LOG: 'Loader.increment'
,PhantomJS 1.9.8 (Mac OS X) LOG: 'Loader.triggerEvent', 'LoadIncrement', Object{percentComplete: 7.142857142857142, id: 4418189}
,PhantomJS 1.9.8 (Mac OS X) LOG: 'new SlidesController'

]]></system-out>
    <system-err/>
  </testsuite>
</testsuites>
